{"C:\\Users\\disco\\Desktop\\Chapter 8\\Test\\js-test\\cloneArray.js": {"path":"C:\\Users\\disco\\Desktop\\Chapter 8\\Test\\js-test\\cloneArray.js","statementMap":{"0":{"start":{"line":2,"column":2},"end":{"line":2,"column":19}},"1":{"start":{"line":5,"column":0},"end":{"line":5,"column":28}}},"fnMap":{"0":{"name":"cloneArray","decl":{"start":{"line":1,"column":9},"end":{"line":1,"column":19}},"loc":{"start":{"line":1,"column":26},"end":{"line":3,"column":1}},"line":1}},"branchMap":{},"s":{"0":1,"1":1},"f":{"0":1},"b":{},"_coverageSchema":"1a1c01bbd47fc00a2c39e90264f33305004495a9","hash":"2a5c2c8dfa21d0c705402df2dfa5b90ad38cbdae"}
,"C:\\Users\\disco\\Desktop\\Chapter 8\\Test\\js-test\\subtract.js": {"path":"C:\\Users\\disco\\Desktop\\Chapter 8\\Test\\js-test\\subtract.js","statementMap":{"0":{"start":{"line":2,"column":4},"end":{"line":2,"column":17}},"1":{"start":{"line":5,"column":0},"end":{"line":5,"column":26}}},"fnMap":{"0":{"name":"subtract","decl":{"start":{"line":1,"column":9},"end":{"line":1,"column":17}},"loc":{"start":{"line":1,"column":24},"end":{"line":3,"column":1}},"line":1}},"branchMap":{},"s":{"0":1,"1":1},"f":{"0":1},"b":{},"_coverageSchema":"1a1c01bbd47fc00a2c39e90264f33305004495a9","hash":"8dc9d466cd0a9e8936324249d9c9712c3035da32"}
,"C:\\Users\\disco\\Desktop\\Chapter 8\\Test\\js-test\\sum.js": {"path":"C:\\Users\\disco\\Desktop\\Chapter 8\\Test\\js-test\\sum.js","statementMap":{"0":{"start":{"line":2,"column":4},"end":{"line":2,"column":17}},"1":{"start":{"line":5,"column":0},"end":{"line":5,"column":21}}},"fnMap":{"0":{"name":"sum","decl":{"start":{"line":1,"column":9},"end":{"line":1,"column":12}},"loc":{"start":{"line":1,"column":20},"end":{"line":3,"column":1}},"line":1}},"branchMap":{},"s":{"0":1,"1":1},"f":{"0":1},"b":{},"_coverageSchema":"1a1c01bbd47fc00a2c39e90264f33305004495a9","hash":"99a336a2e0cd9b7bf8c022bc266570682c567b3e"}
}
